2023-10-27 09:32:57,522 INFO o.h.v.i.u.Version [background-preinit] HV000001: Hibernate Validator 8.0.1.Final
2023-10-27 09:32:57,614 INFO o.s.b.StartupInfoLogger [main] Starting Challenge4BinarFoodApplication using Java 21 with PID 1004 (B:\SYNRGY\Project_Challange_Binar\Challenge_4-BinarFood\target\classes started by AJAY in B:\SYNRGY\Project_Challange_Binar\Challenge_4-BinarFood)
2023-10-27 09:32:57,617 INFO o.s.b.SpringApplication [main] No active profile set, falling back to 1 default profile: "default"
2023-10-27 09:32:59,305 INFO o.s.d.r.c.RepositoryConfigurationDelegate [main] Bootstrapping Spring Data JPA repositories in DEFAULT mode.
2023-10-27 09:32:59,429 INFO o.s.d.r.c.RepositoryConfigurationDelegate [main] Finished Spring Data repository scanning in 109 ms. Found 5 JPA repository interfaces.
2023-10-27 09:33:00,165 INFO o.s.b.w.e.t.TomcatWebServer [main] Tomcat initialized with port(s): 8080 (http)
2023-10-27 09:33:00,178 INFO o.a.j.l.DirectJDKLog [main] Initializing ProtocolHandler ["http-nio-8080"]
2023-10-27 09:33:00,182 INFO o.a.j.l.DirectJDKLog [main] Starting service [Tomcat]
2023-10-27 09:33:00,182 INFO o.a.j.l.DirectJDKLog [main] Starting Servlet engine: [Apache Tomcat/10.1.15]
2023-10-27 09:33:00,345 INFO o.a.j.l.DirectJDKLog [main] Initializing Spring embedded WebApplicationContext
2023-10-27 09:33:00,345 INFO o.s.b.w.s.c.ServletWebServerApplicationContext [main] Root WebApplicationContext: initialization completed in 2530 ms
2023-10-27 09:33:00,605 INFO o.h.j.i.u.LogHelper [main] HHH000204: Processing PersistenceUnitInfo [name: default]
2023-10-27 09:33:00,700 INFO o.h.Version [main] HHH000412: Hibernate ORM core version 6.2.13.Final
2023-10-27 09:33:00,703 INFO o.h.c.Environment [main] HHH000406: Using bytecode reflection optimizer
2023-10-27 09:33:01,157 INFO o.s.o.j.p.SpringPersistenceUnitInfo [main] No LoadTimeWeaver setup: ignoring JPA class transformer
2023-10-27 09:33:01,201 INFO c.z.h.HikariDataSource [main] HikariPool-1 - Starting...
2023-10-27 09:33:01,543 INFO c.z.h.p.HikariPool [main] HikariPool-1 - Added connection org.postgresql.jdbc.PgConnection@5d2e6f62
2023-10-27 09:33:01,547 INFO c.z.h.HikariDataSource [main] HikariPool-1 - Start completed.
2023-10-27 09:33:01,621 WARN o.h.e.j.d.i.DialectFactoryImpl [main] HHH90000025: PostgreSQLDialect does not need to be specified explicitly using 'hibernate.dialect' (remove the property setting and it will be selected by default)
2023-10-27 09:33:04,420 INFO o.h.e.t.j.p.i.JtaPlatformInitiator [main] HHH000489: No JTA platform available (set 'hibernate.transaction.jta.platform' to enable JTA platform integration)
2023-10-27 09:33:04,656 INFO o.s.o.j.AbstractEntityManagerFactoryBean [main] Initialized JPA EntityManagerFactory for persistence unit 'default'
2023-10-27 09:33:05,199 INFO o.s.d.j.r.q.QueryEnhancerFactory [main] Hibernate is in classpath; If applicable, HQL parser will be used.
2023-10-27 09:33:06,368 WARN o.s.b.a.o.j.JpaBaseConfiguration$JpaWebConfiguration [main] spring.jpa.open-in-view is enabled by default. Therefore, database queries may be performed during view rendering. Explicitly configure spring.jpa.open-in-view to disable this warning
2023-10-27 09:33:06,959 INFO o.a.j.l.DirectJDKLog [main] Starting ProtocolHandler ["http-nio-8080"]
2023-10-27 09:33:06,992 INFO o.s.b.w.e.t.TomcatWebServer [main] Tomcat started on port(s): 8080 (http) with context path ''
2023-10-27 09:33:07,002 INFO o.s.b.StartupInfoLogger [main] Started Challenge4BinarFoodApplication in 10.523 seconds (process running for 13.728)
2023-10-27 09:33:54,770 INFO o.a.j.l.DirectJDKLog [http-nio-8080-exec-3] Initializing Spring DispatcherServlet 'dispatcherServlet'
2023-10-27 09:33:54,770 INFO o.s.w.s.FrameworkServlet [http-nio-8080-exec-3] Initializing Servlet 'dispatcherServlet'
2023-10-27 09:33:54,772 INFO o.s.w.s.FrameworkServlet [http-nio-8080-exec-3] Completed initialization in 1 ms
2023-10-27 09:33:55,344 INFO p.C.s.MerchantServiceImpl [http-nio-8080-exec-3] Data merchanet has been cretedproject.Challenge_4BinarFood.entity.Merchant@697a2931
2023-10-27 10:57:14,062 INFO o.s.o.j.AbstractEntityManagerFactoryBean [SpringApplicationShutdownHook] Closing JPA EntityManagerFactory for persistence unit 'default'
2023-10-27 10:57:14,165 INFO c.z.h.HikariDataSource [SpringApplicationShutdownHook] HikariPool-1 - Shutdown initiated...
2023-10-27 10:57:14,192 INFO c.z.h.HikariDataSource [SpringApplicationShutdownHook] HikariPool-1 - Shutdown completed.
2023-10-27 10:57:28,072 INFO o.h.v.i.u.Version [background-preinit] HV000001: Hibernate Validator 8.0.1.Final
2023-10-27 10:57:28,114 INFO o.s.b.StartupInfoLogger [main] Starting Challenge4BinarFoodApplication using Java 21 with PID 19008 (B:\SYNRGY\Project_Challange_Binar\Challenge_4-BinarFood\target\classes started by AJAY in B:\SYNRGY\Project_Challange_Binar\Challenge_4-BinarFood)
2023-10-27 10:57:28,115 INFO o.s.b.SpringApplication [main] No active profile set, falling back to 1 default profile: "default"
2023-10-27 10:57:29,444 INFO o.s.d.r.c.RepositoryConfigurationDelegate [main] Bootstrapping Spring Data JPA repositories in DEFAULT mode.
2023-10-27 10:57:29,549 INFO o.s.d.r.c.RepositoryConfigurationDelegate [main] Finished Spring Data repository scanning in 93 ms. Found 5 JPA repository interfaces.
2023-10-27 10:57:30,351 INFO o.s.b.w.e.t.TomcatWebServer [main] Tomcat initialized with port(s): 8080 (http)
2023-10-27 10:57:30,360 INFO o.a.j.l.DirectJDKLog [main] Initializing ProtocolHandler ["http-nio-8080"]
2023-10-27 10:57:30,363 INFO o.a.j.l.DirectJDKLog [main] Starting service [Tomcat]
2023-10-27 10:57:30,364 INFO o.a.j.l.DirectJDKLog [main] Starting Servlet engine: [Apache Tomcat/10.1.15]
2023-10-27 10:57:30,500 INFO o.a.j.l.DirectJDKLog [main] Initializing Spring embedded WebApplicationContext
2023-10-27 10:57:30,500 INFO o.s.b.w.s.c.ServletWebServerApplicationContext [main] Root WebApplicationContext: initialization completed in 2285 ms
2023-10-27 10:57:30,789 INFO o.h.j.i.u.LogHelper [main] HHH000204: Processing PersistenceUnitInfo [name: default]
2023-10-27 10:57:30,868 INFO o.h.Version [main] HHH000412: Hibernate ORM core version 6.2.13.Final
2023-10-27 10:57:30,872 INFO o.h.c.Environment [main] HHH000406: Using bytecode reflection optimizer
2023-10-27 10:57:31,407 INFO o.s.o.j.p.SpringPersistenceUnitInfo [main] No LoadTimeWeaver setup: ignoring JPA class transformer
2023-10-27 10:57:31,477 INFO c.z.h.HikariDataSource [main] HikariPool-1 - Starting...
2023-10-27 10:57:31,741 INFO c.z.h.p.HikariPool [main] HikariPool-1 - Added connection org.postgresql.jdbc.PgConnection@5df2023c
2023-10-27 10:57:31,743 INFO c.z.h.HikariDataSource [main] HikariPool-1 - Start completed.
2023-10-27 10:57:31,802 WARN o.h.e.j.d.i.DialectFactoryImpl [main] HHH90000025: PostgreSQLDialect does not need to be specified explicitly using 'hibernate.dialect' (remove the property setting and it will be selected by default)
2023-10-27 10:57:33,476 INFO o.h.e.t.j.p.i.JtaPlatformInitiator [main] HHH000489: No JTA platform available (set 'hibernate.transaction.jta.platform' to enable JTA platform integration)
2023-10-27 10:57:33,668 INFO o.s.o.j.AbstractEntityManagerFactoryBean [main] Initialized JPA EntityManagerFactory for persistence unit 'default'
2023-10-27 10:57:34,073 INFO o.s.d.j.r.q.QueryEnhancerFactory [main] Hibernate is in classpath; If applicable, HQL parser will be used.
2023-10-27 10:57:35,076 WARN o.s.b.a.o.j.JpaBaseConfiguration$JpaWebConfiguration [main] spring.jpa.open-in-view is enabled by default. Therefore, database queries may be performed during view rendering. Explicitly configure spring.jpa.open-in-view to disable this warning
2023-10-27 10:57:35,558 INFO o.a.j.l.DirectJDKLog [main] Starting ProtocolHandler ["http-nio-8080"]
2023-10-27 10:57:35,583 INFO o.s.b.w.e.t.TomcatWebServer [main] Tomcat started on port(s): 8080 (http) with context path ''
2023-10-27 10:57:35,592 INFO o.s.b.StartupInfoLogger [main] Started Challenge4BinarFoodApplication in 8.471 seconds (process running for 10.327)
2023-10-27 10:58:13,865 INFO o.a.j.l.DirectJDKLog [http-nio-8080-exec-2] Initializing Spring DispatcherServlet 'dispatcherServlet'
2023-10-27 10:58:13,866 INFO o.s.w.s.FrameworkServlet [http-nio-8080-exec-2] Initializing Servlet 'dispatcherServlet'
2023-10-27 10:58:13,869 INFO o.s.w.s.FrameworkServlet [http-nio-8080-exec-2] Completed initialization in 3 ms
2023-10-27 10:58:14,494 INFO p.C.s.MerchantServiceImpl [http-nio-8080-exec-2] Data merchant has been created project.Challenge_4BinarFood.entity.Merchant@3776720c
2023-10-27 10:58:57,855 WARN o.s.w.s.h.AbstractHandlerExceptionResolver [http-nio-8080-exec-4] Resolved [org.springframework.http.converter.HttpMessageNotReadableException: JSON parse error: Unexpected character ('}' (code 125)): was expecting double-quote to start field name]
2023-10-27 10:59:23,909 INFO p.C.s.MerchantServiceImpl [http-nio-8080-exec-6] Data merchant has been created project.Challenge_4BinarFood.entity.Merchant@a570841
2023-10-27 11:01:51,013 INFO p.C.s.MerchantServiceImpl [http-nio-8080-exec-8] Data merchant has been created project.Challenge_4BinarFood.entity.Merchant@690010b
2023-10-27 11:02:45,947 INFO p.C.s.MerchantServiceImpl [http-nio-8080-exec-10] Success store to database project.Challenge_4BinarFood.entity.Merchant@68c888c9
2023-10-27 11:03:14,567 INFO p.C.s.MerchantServiceImpl [http-nio-8080-exec-1] Success store to database project.Challenge_4BinarFood.entity.Merchant@20d77bdb
2023-10-27 11:03:30,726 INFO p.C.s.MerchantServiceImpl [http-nio-8080-exec-2] Success store to database project.Challenge_4BinarFood.entity.Merchant@22b13914
2023-10-27 11:04:23,429 INFO p.C.s.MerchantServiceImpl [http-nio-8080-exec-3] Data response success [MerchantResponse(id=d27036a8-a1a3-43b8-8bbe-99ce9e38d2b3, merchantName=Wing o Wing, merchantLocation=Jakarta, open=false), MerchantResponse(id=feb432ff-32a8-4e50-881b-84d6313bfadd, merchantName=Dbesto, merchantLocation=Malang, open=false)]
2023-10-27 11:05:07,345 INFO p.C.s.MerchantServiceImpl [http-nio-8080-exec-4] Data response success [MerchantResponse(id=e30187a1-0aaf-4280-ac4b-31bd8f09cd87, merchantName=Pizza Hut, merchantLocation=Bali, open=true), MerchantResponse(id=04bd5815-8d8b-4456-a83f-030d6c991259, merchantName=Pizza Hut, merchantLocation=Lombok, open=true), MerchantResponse(id=b2258b4d-79da-41a0-9e47-bea253514c09, merchantName=Pizza Hut, merchantLocation=Bandung, open=true), MerchantResponse(id=c2a94581-9192-4690-9bfa-2a7ea9a5fbd4, merchantName=Burger King, merchantLocation=Bandung, open=true), MerchantResponse(id=6225f7b8-4279-4903-b769-d0ff72e73c0c, merchantName=Burger King, merchantLocation=Bekasi, open=true), MerchantResponse(id=bf4bf7dc-8b72-4683-85f8-045c374a2f51, merchantName=Wing o Wing, merchantLocation=Bandung, open=true), MerchantResponse(id=1a787204-d50d-4f93-b4a4-0b7c04fdad76, merchantName=Wing o Wing, merchantLocation=Bali, open=true), MerchantResponse(id=60a9b7b0-8f75-4e10-b9f1-9586ceb22b12, merchantName=Wing o Wing, merchantLocation=Garut, open=true), MerchantResponse(id=3d83fecc-c498-4366-86b9-2120c705c8b4, merchantName=Dbesto, merchantLocation=Majalaya, open=true), MerchantResponse(id=87b94d49-6752-4287-bac0-b7e809ab4897, merchantName=Dbesto, merchantLocation=Bogor, open=true)]
2023-10-27 11:06:04,308 INFO p.C.s.MerchantServiceImpl [http-nio-8080-exec-5] Data merchant has been created project.Challenge_4BinarFood.entity.Merchant@74daed30
2023-10-27 11:08:25,734 INFO o.s.o.j.AbstractEntityManagerFactoryBean [SpringApplicationShutdownHook] Closing JPA EntityManagerFactory for persistence unit 'default'
2023-10-27 11:08:25,750 INFO c.z.h.HikariDataSource [SpringApplicationShutdownHook] HikariPool-1 - Shutdown initiated...
2023-10-27 11:08:25,760 INFO c.z.h.HikariDataSource [SpringApplicationShutdownHook] HikariPool-1 - Shutdown completed.
2023-10-27 11:08:35,314 INFO o.h.v.i.u.Version [background-preinit] HV000001: Hibernate Validator 8.0.1.Final
2023-10-27 11:08:35,365 INFO o.s.b.StartupInfoLogger [main] Starting Challenge4BinarFoodApplication using Java 21 with PID 3000 (B:\SYNRGY\Project_Challange_Binar\Challenge_4-BinarFood\target\classes started by AJAY in B:\SYNRGY\Project_Challange_Binar\Challenge_4-BinarFood)
2023-10-27 11:08:35,366 INFO o.s.b.SpringApplication [main] No active profile set, falling back to 1 default profile: "default"
2023-10-27 11:08:36,499 INFO o.s.d.r.c.RepositoryConfigurationDelegate [main] Bootstrapping Spring Data JPA repositories in DEFAULT mode.
2023-10-27 11:08:36,582 INFO o.s.d.r.c.RepositoryConfigurationDelegate [main] Finished Spring Data repository scanning in 72 ms. Found 5 JPA repository interfaces.
2023-10-27 11:08:37,326 INFO o.s.b.w.e.t.TomcatWebServer [main] Tomcat initialized with port(s): 8080 (http)
2023-10-27 11:08:37,339 INFO o.a.j.l.DirectJDKLog [main] Initializing ProtocolHandler ["http-nio-8080"]
2023-10-27 11:08:37,342 INFO o.a.j.l.DirectJDKLog [main] Starting service [Tomcat]
2023-10-27 11:08:37,343 INFO o.a.j.l.DirectJDKLog [main] Starting Servlet engine: [Apache Tomcat/10.1.15]
2023-10-27 11:08:37,443 INFO o.a.j.l.DirectJDKLog [main] Initializing Spring embedded WebApplicationContext
2023-10-27 11:08:37,443 INFO o.s.b.w.s.c.ServletWebServerApplicationContext [main] Root WebApplicationContext: initialization completed in 2023 ms
2023-10-27 11:08:37,675 INFO o.h.j.i.u.LogHelper [main] HHH000204: Processing PersistenceUnitInfo [name: default]
2023-10-27 11:08:37,791 INFO o.h.Version [main] HHH000412: Hibernate ORM core version 6.2.13.Final
2023-10-27 11:08:37,795 INFO o.h.c.Environment [main] HHH000406: Using bytecode reflection optimizer
2023-10-27 11:08:38,285 INFO o.s.o.j.p.SpringPersistenceUnitInfo [main] No LoadTimeWeaver setup: ignoring JPA class transformer
2023-10-27 11:08:38,319 INFO c.z.h.HikariDataSource [main] HikariPool-1 - Starting...
2023-10-27 11:08:38,578 INFO c.z.h.p.HikariPool [main] HikariPool-1 - Added connection org.postgresql.jdbc.PgConnection@33187485
2023-10-27 11:08:38,580 INFO c.z.h.HikariDataSource [main] HikariPool-1 - Start completed.
2023-10-27 11:08:38,623 WARN o.h.e.j.d.i.DialectFactoryImpl [main] HHH90000025: PostgreSQLDialect does not need to be specified explicitly using 'hibernate.dialect' (remove the property setting and it will be selected by default)
2023-10-27 11:08:40,270 INFO o.h.e.t.j.p.i.JtaPlatformInitiator [main] HHH000489: No JTA platform available (set 'hibernate.transaction.jta.platform' to enable JTA platform integration)
2023-10-27 11:08:40,443 INFO o.s.o.j.AbstractEntityManagerFactoryBean [main] Initialized JPA EntityManagerFactory for persistence unit 'default'
2023-10-27 11:08:40,880 INFO o.s.d.j.r.q.QueryEnhancerFactory [main] Hibernate is in classpath; If applicable, HQL parser will be used.
2023-10-27 11:08:41,894 WARN o.s.b.a.o.j.JpaBaseConfiguration$JpaWebConfiguration [main] spring.jpa.open-in-view is enabled by default. Therefore, database queries may be performed during view rendering. Explicitly configure spring.jpa.open-in-view to disable this warning
2023-10-27 11:08:42,361 INFO o.a.j.l.DirectJDKLog [main] Starting ProtocolHandler ["http-nio-8080"]
2023-10-27 11:08:42,382 INFO o.s.b.w.e.t.TomcatWebServer [main] Tomcat started on port(s): 8080 (http) with context path ''
2023-10-27 11:08:42,390 INFO o.s.b.StartupInfoLogger [main] Started Challenge4BinarFoodApplication in 8.136 seconds (process running for 10.031)
2023-10-27 11:17:46,350 INFO o.s.o.j.AbstractEntityManagerFactoryBean [SpringApplicationShutdownHook] Closing JPA EntityManagerFactory for persistence unit 'default'
2023-10-27 11:17:46,358 INFO c.z.h.HikariDataSource [SpringApplicationShutdownHook] HikariPool-1 - Shutdown initiated...
2023-10-27 11:17:46,375 INFO c.z.h.HikariDataSource [SpringApplicationShutdownHook] HikariPool-1 - Shutdown completed.
2023-10-27 11:17:55,434 INFO o.h.v.i.u.Version [background-preinit] HV000001: Hibernate Validator 8.0.1.Final
2023-10-27 11:17:55,493 INFO o.s.b.StartupInfoLogger [main] Starting Challenge4BinarFoodApplication using Java 21 with PID 3684 (B:\SYNRGY\Project_Challange_Binar\Challenge_4-BinarFood\target\classes started by AJAY in B:\SYNRGY\Project_Challange_Binar\Challenge_4-BinarFood)
2023-10-27 11:17:55,495 INFO o.s.b.SpringApplication [main] No active profile set, falling back to 1 default profile: "default"
2023-10-27 11:17:56,550 INFO o.s.d.r.c.RepositoryConfigurationDelegate [main] Bootstrapping Spring Data JPA repositories in DEFAULT mode.
2023-10-27 11:17:56,642 INFO o.s.d.r.c.RepositoryConfigurationDelegate [main] Finished Spring Data repository scanning in 83 ms. Found 5 JPA repository interfaces.
2023-10-27 11:17:57,281 INFO o.s.b.w.e.t.TomcatWebServer [main] Tomcat initialized with port(s): 8080 (http)
2023-10-27 11:17:57,291 INFO o.a.j.l.DirectJDKLog [main] Initializing ProtocolHandler ["http-nio-8080"]
2023-10-27 11:17:57,294 INFO o.a.j.l.DirectJDKLog [main] Starting service [Tomcat]
2023-10-27 11:17:57,294 INFO o.a.j.l.DirectJDKLog [main] Starting Servlet engine: [Apache Tomcat/10.1.15]
2023-10-27 11:17:57,404 INFO o.a.j.l.DirectJDKLog [main] Initializing Spring embedded WebApplicationContext
2023-10-27 11:17:57,404 INFO o.s.b.w.s.c.ServletWebServerApplicationContext [main] Root WebApplicationContext: initialization completed in 1840 ms
2023-10-27 11:17:57,620 INFO o.h.j.i.u.LogHelper [main] HHH000204: Processing PersistenceUnitInfo [name: default]
2023-10-27 11:17:57,709 INFO o.h.Version [main] HHH000412: Hibernate ORM core version 6.2.13.Final
2023-10-27 11:17:57,714 INFO o.h.c.Environment [main] HHH000406: Using bytecode reflection optimizer
2023-10-27 11:17:58,140 INFO o.s.o.j.p.SpringPersistenceUnitInfo [main] No LoadTimeWeaver setup: ignoring JPA class transformer
2023-10-27 11:17:58,185 INFO c.z.h.HikariDataSource [main] HikariPool-1 - Starting...
2023-10-27 11:17:58,428 INFO c.z.h.p.HikariPool [main] HikariPool-1 - Added connection org.postgresql.jdbc.PgConnection@6cf047cf
2023-10-27 11:17:58,430 INFO c.z.h.HikariDataSource [main] HikariPool-1 - Start completed.
2023-10-27 11:17:58,483 WARN o.h.e.j.d.i.DialectFactoryImpl [main] HHH90000025: PostgreSQLDialect does not need to be specified explicitly using 'hibernate.dialect' (remove the property setting and it will be selected by default)
2023-10-27 11:18:00,398 INFO o.h.e.t.j.p.i.JtaPlatformInitiator [main] HHH000489: No JTA platform available (set 'hibernate.transaction.jta.platform' to enable JTA platform integration)
2023-10-27 11:18:00,599 INFO o.s.o.j.AbstractEntityManagerFactoryBean [main] Initialized JPA EntityManagerFactory for persistence unit 'default'
2023-10-27 11:18:01,070 INFO o.s.d.j.r.q.QueryEnhancerFactory [main] Hibernate is in classpath; If applicable, HQL parser will be used.
2023-10-27 11:18:02,254 WARN o.s.b.a.o.j.JpaBaseConfiguration$JpaWebConfiguration [main] spring.jpa.open-in-view is enabled by default. Therefore, database queries may be performed during view rendering. Explicitly configure spring.jpa.open-in-view to disable this warning
2023-10-27 11:18:02,709 INFO o.a.j.l.DirectJDKLog [main] Starting ProtocolHandler ["http-nio-8080"]
2023-10-27 11:18:02,734 INFO o.s.b.w.e.t.TomcatWebServer [main] Tomcat started on port(s): 8080 (http) with context path ''
2023-10-27 11:18:02,744 INFO o.s.b.StartupInfoLogger [main] Started Challenge4BinarFoodApplication in 8.125 seconds (process running for 9.554)
2023-10-27 11:18:12,214 INFO o.a.j.l.DirectJDKLog [http-nio-8080-exec-2] Initializing Spring DispatcherServlet 'dispatcherServlet'
2023-10-27 11:18:12,215 INFO o.s.w.s.FrameworkServlet [http-nio-8080-exec-2] Initializing Servlet 'dispatcherServlet'
2023-10-27 11:18:12,218 INFO o.s.w.s.FrameworkServlet [http-nio-8080-exec-2] Completed initialization in 2 ms
2023-10-27 11:18:35,290 INFO p.C.s.MerchantServiceImpl [http-nio-8080-exec-3] Data merchant has been created project.Challenge_4BinarFood.entity.Merchant@271fdb67
2023-10-27 11:19:34,276 ERROR p.C.s.MerchantServiceImpl [http-nio-8080-exec-4] Data is not found
2023-10-27 11:20:42,778 INFO p.C.s.MerchantServiceImpl [http-nio-8080-exec-7] Success store to database project.Challenge_4BinarFood.entity.Merchant@431dc2b1
2023-10-27 11:21:59,515 INFO p.C.s.MerchantServiceImpl [http-nio-8080-exec-10] Data response success [MerchantResponse(id=d27036a8-a1a3-43b8-8bbe-99ce9e38d2b3, merchantName=Wing o Wing, merchantLocation=Jakarta, open=false), MerchantResponse(id=feb432ff-32a8-4e50-881b-84d6313bfadd, merchantName=Dbesto, merchantLocation=Ambon, open=false)]
2023-10-27 11:22:08,876 INFO p.C.s.MerchantServiceImpl [http-nio-8080-exec-1] Data response success [MerchantResponse(id=e30187a1-0aaf-4280-ac4b-31bd8f09cd87, merchantName=Pizza Hut, merchantLocation=Bali, open=true), MerchantResponse(id=04bd5815-8d8b-4456-a83f-030d6c991259, merchantName=Pizza Hut, merchantLocation=Lombok, open=true), MerchantResponse(id=b2258b4d-79da-41a0-9e47-bea253514c09, merchantName=Pizza Hut, merchantLocation=Bandung, open=true), MerchantResponse(id=c2a94581-9192-4690-9bfa-2a7ea9a5fbd4, merchantName=Burger King, merchantLocation=Bandung, open=true), MerchantResponse(id=6225f7b8-4279-4903-b769-d0ff72e73c0c, merchantName=Burger King, merchantLocation=Bekasi, open=true), MerchantResponse(id=bf4bf7dc-8b72-4683-85f8-045c374a2f51, merchantName=Wing o Wing, merchantLocation=Bandung, open=true), MerchantResponse(id=1a787204-d50d-4f93-b4a4-0b7c04fdad76, merchantName=Wing o Wing, merchantLocation=Bali, open=true), MerchantResponse(id=60a9b7b0-8f75-4e10-b9f1-9586ceb22b12, merchantName=Wing o Wing, merchantLocation=Garut, open=true), MerchantResponse(id=3d83fecc-c498-4366-86b9-2120c705c8b4, merchantName=Dbesto, merchantLocation=Majalaya, open=true), MerchantResponse(id=87b94d49-6752-4287-bac0-b7e809ab4897, merchantName=Dbesto, merchantLocation=Bogor, open=true), MerchantResponse(id=2255fec0-0270-43ff-a426-8692eac547ba, merchantName=Dbesto, merchantLocation=Makasar, open=true), MerchantResponse(id=6cf01b04-ac1d-44a4-8fed-554b368ef043, merchantName=Dbesto, merchantLocation=Makasar, open=true)]
2023-10-27 11:22:41,966 INFO p.C.s.UsersServiceImpl [http-nio-8080-exec-2] Success store data users
2023-10-27 11:23:13,110 ERROR p.C.s.UsersServiceImpl [http-nio-8080-exec-3] 404 NOT_FOUND "User is not found"
2023-10-27 11:23:28,266 INFO p.C.s.UsersServiceImpl [http-nio-8080-exec-4] Success delete user
2023-10-27 11:23:53,475 INFO p.C.s.UsersServiceImpl [http-nio-8080-exec-5] Success store data users
2023-10-27 11:24:42,434 INFO p.C.s.UsersServiceImpl [http-nio-8080-exec-6] Success update user
2023-10-27 11:25:03,181 INFO p.C.s.UsersServiceImpl [http-nio-8080-exec-7] Success update user
2023-10-27 11:25:26,263 INFO p.C.s.UsersServiceImpl [http-nio-8080-exec-8] Data response success [UsersResponse(id=4cef9a05-a575-449d-8edd-176e0460181a, username=Fajar, emailAddress=fajar@gmail.com, password=rahasia), UsersResponse(id=6f0c08d9-6c01-47ea-af53-891a26bb29f1, username=Adi, emailAddress=adi@gmail.com, password=rahasia), UsersResponse(id=6d0af50d-054d-4f5b-b20f-97a4163c3622, username=maman, emailAddress=maman@gmail.com, password=rahasia), UsersResponse(id=a916333b-0a39-47e9-a408-3b25296694c7, username=bayuaja, emailAddress=bayu@yaho.com, password=rahasia123), UsersResponse(id=b4cd0c95-b266-4ec4-aaaf-93d292931136, username=input username, emailAddress=input email, password=input password), UsersResponse(id=2d9ab21b-99e4-4ee3-bd1f-2749998fcc36, username=MasIlyas, emailAddress=ilyas@gmaiol.com, password=adaaja123), UsersResponse(id=0b38ea9e-4ff0-4552-ba22-8cbde0c987a2, username=Abang, emailAddress=Abang@Gmail.com, password=Kepo)]
2023-10-27 11:26:55,717 INFO p.C.s.OrderServiceImpl [http-nio-8080-exec-1] Success store data order
2023-10-27 11:26:55,747 INFO p.C.s.OrderServiceImpl [http-nio-8080-exec-1] Success store data order detail
2023-10-27 11:27:11,046 INFO p.C.s.ProductServiceImpl [http-nio-8080-exec-2] Data response success [ProductResponse(id=32cd02c8-38a0-4577-a477-bb3fd02bd902, merchantId=e30187a1-0aaf-4280-ac4b-31bd8f09cd87, productName=Mie Goreng, price=5000.0), ProductResponse(id=1113ea4e-3fa0-424d-89ee-7d89536e873b, merchantId=e30187a1-0aaf-4280-ac4b-31bd8f09cd87, productName=Mie Goreng Pedas, price=5000.0), ProductResponse(id=036c83f2-dab1-457f-bd0c-d74c04e51d32, merchantId=e30187a1-0aaf-4280-ac4b-31bd8f09cd87, productName=Mie Goreng Asam, price=5000.0), ProductResponse(id=9c8e2966-89b2-464a-84f0-94124ba57ffd, merchantId=e30187a1-0aaf-4280-ac4b-31bd8f09cd87, productName=Mie Goreng Manis, price=5000.0), ProductResponse(id=21080b09-206c-48b3-921d-e11593d3a9e6, merchantId=e30187a1-0aaf-4280-ac4b-31bd8f09cd87, productName=Mie Goreng Manis, price=5000.0)]
2023-10-27 11:27:22,758 INFO p.C.s.ProductServiceImpl [http-nio-8080-exec-3] Data response success [ProductResponse(id=32cd02c8-38a0-4577-a477-bb3fd02bd902, merchantId=e30187a1-0aaf-4280-ac4b-31bd8f09cd87, productName=Mie Goreng, price=5000.0), ProductResponse(id=1113ea4e-3fa0-424d-89ee-7d89536e873b, merchantId=e30187a1-0aaf-4280-ac4b-31bd8f09cd87, productName=Mie Goreng Pedas, price=5000.0), ProductResponse(id=036c83f2-dab1-457f-bd0c-d74c04e51d32, merchantId=e30187a1-0aaf-4280-ac4b-31bd8f09cd87, productName=Mie Goreng Asam, price=5000.0), ProductResponse(id=9c8e2966-89b2-464a-84f0-94124ba57ffd, merchantId=e30187a1-0aaf-4280-ac4b-31bd8f09cd87, productName=Mie Goreng Manis, price=5000.0), ProductResponse(id=21080b09-206c-48b3-921d-e11593d3a9e6, merchantId=e30187a1-0aaf-4280-ac4b-31bd8f09cd87, productName=Mie Goreng Manis, price=5000.0)]
2023-10-27 11:27:47,439 INFO p.C.s.ProductServiceImpl [http-nio-8080-exec-4] Data response success [ProductResponse(id=3c678cd7-2116-4e42-9538-c66597e9e480, merchantId=e30187a1-0aaf-4280-ac4b-31bd8f09cd87, productName=Ayam Bakar, price=5000.0), ProductResponse(id=7b26fbab-2d03-4eb6-b356-eaa7f804d864, merchantId=e30187a1-0aaf-4280-ac4b-31bd8f09cd87, productName=Babi Bakar, price=5000.0), ProductResponse(id=9ff48af4-a76e-4d3d-8fe3-e85d40222c0c, merchantId=c2a94581-9192-4690-9bfa-2a7ea9a5fbd4, productName=Burger Large, price=20000.0), ProductResponse(id=d8728b15-98db-4f2c-bc53-cf96c0e9dc00, merchantId=e30187a1-0aaf-4280-ac4b-31bd8f09cd87, productName=Cacing Bakar, price=5000.0), ProductResponse(id=4d32fec5-4e39-42a2-adda-a8386422c3b8, merchantId=e30187a1-0aaf-4280-ac4b-31bd8f09cd87, productName=Dodol Bakar, price=5000.0)]
2023-10-27 11:28:27,402 INFO p.C.s.OrderServiceImpl [http-nio-8080-exec-5] Data response success [OrderResponse(orderTime=2023-10-26T15:43:45.705726, username=Fajar, productName=Mie Goreng, merchantName=Pizza Hut, destinationAddress=Bandung, quantity=5, price=5000.0, totalPrice=25000.0, completed=false), OrderResponse(orderTime=2023-10-26T15:43:46.897671, username=Fajar, productName=Mie Goreng, merchantName=Pizza Hut, destinationAddress=Bandung, quantity=5, price=5000.0, totalPrice=25000.0, completed=false), OrderResponse(orderTime=2023-10-26T15:45:46.709020, username=Fajar, productName=Mie Goreng, merchantName=Pizza Hut, destinationAddress=Bandung, quantity=5, price=5000.0, totalPrice=25000.0, completed=false), OrderResponse(orderTime=2023-10-26T15:45:48.382021, username=Fajar, productName=Mie Goreng, merchantName=Pizza Hut, destinationAddress=Bandung, quantity=5, price=5000.0, totalPrice=25000.0, completed=false), OrderResponse(orderTime=2023-10-26T15:45:49.540255, username=Fajar, productName=Mie Goreng, merchantName=Pizza Hut, destinationAddress=Bandung, quantity=5, price=5000.0, totalPrice=25000.0, completed=false), OrderResponse(orderTime=2023-10-26T15:45:50.420239, username=Fajar, productName=Mie Goreng, merchantName=Pizza Hut, destinationAddress=Bandung, quantity=5, price=5000.0, totalPrice=25000.0, completed=false), OrderResponse(orderTime=2023-10-26T15:45:51.601314, username=Fajar, productName=Mie Goreng, merchantName=Pizza Hut, destinationAddress=Bandung, quantity=5, price=5000.0, totalPrice=25000.0, completed=false), OrderResponse(orderTime=2023-10-27T02:32:31.689231, username=Fajar, productName=Burger Large, merchantName=Burger King, destinationAddress=input destination dadress, quantity=5, price=20000.0, totalPrice=100000.0, completed=false), OrderResponse(orderTime=2023-10-27T11:26:55.705383, username=Abang, productName=Cacing Bakar, merchantName=Pizza Hut, destinationAddress=Mana aja asal sama kamu, quantity=10, price=5000.0, totalPrice=50000.0, completed=false)]
2023-10-27 11:29:10,531 INFO p.C.s.OrderServiceImpl [http-nio-8080-exec-6] Data response success [OrderResponse(orderTime=2023-10-27T11:26:55.705383, username=Abang, productName=Cacing Bakar, merchantName=Pizza Hut, destinationAddress=Mana aja asal sama kamu, quantity=10, price=5000.0, totalPrice=50000.0, completed=false)]
2023-10-27 11:29:19,885 INFO p.C.s.OrderServiceImpl [http-nio-8080-exec-7] Data response success [OrderResponse(orderTime=2023-10-26T15:43:45.705726, username=Fajar, productName=Mie Goreng, merchantName=Pizza Hut, destinationAddress=Bandung, quantity=5, price=5000.0, totalPrice=25000.0, completed=false), OrderResponse(orderTime=2023-10-26T15:43:46.897671, username=Fajar, productName=Mie Goreng, merchantName=Pizza Hut, destinationAddress=Bandung, quantity=5, price=5000.0, totalPrice=25000.0, completed=false), OrderResponse(orderTime=2023-10-26T15:45:46.709020, username=Fajar, productName=Mie Goreng, merchantName=Pizza Hut, destinationAddress=Bandung, quantity=5, price=5000.0, totalPrice=25000.0, completed=false), OrderResponse(orderTime=2023-10-26T15:45:48.382021, username=Fajar, productName=Mie Goreng, merchantName=Pizza Hut, destinationAddress=Bandung, quantity=5, price=5000.0, totalPrice=25000.0, completed=false), OrderResponse(orderTime=2023-10-26T15:45:49.540255, username=Fajar, productName=Mie Goreng, merchantName=Pizza Hut, destinationAddress=Bandung, quantity=5, price=5000.0, totalPrice=25000.0, completed=false), OrderResponse(orderTime=2023-10-26T15:45:50.420239, username=Fajar, productName=Mie Goreng, merchantName=Pizza Hut, destinationAddress=Bandung, quantity=5, price=5000.0, totalPrice=25000.0, completed=false), OrderResponse(orderTime=2023-10-26T15:45:51.601314, username=Fajar, productName=Mie Goreng, merchantName=Pizza Hut, destinationAddress=Bandung, quantity=5, price=5000.0, totalPrice=25000.0, completed=false), OrderResponse(orderTime=2023-10-27T02:32:31.689231, username=Fajar, productName=Burger Large, merchantName=Burger King, destinationAddress=input destination dadress, quantity=5, price=20000.0, totalPrice=100000.0, completed=false)]
2023-10-27 11:29:44,177 INFO p.C.s.OrderServiceImpl [http-nio-8080-exec-8] Data response success [OrderResponse(orderTime=2023-10-26T15:43:45.705726, username=Fajar, productName=Mie Goreng, merchantName=Pizza Hut, destinationAddress=Bandung, quantity=5, price=5000.0, totalPrice=25000.0, completed=false), OrderResponse(orderTime=2023-10-26T15:43:46.897671, username=Fajar, productName=Mie Goreng, merchantName=Pizza Hut, destinationAddress=Bandung, quantity=5, price=5000.0, totalPrice=25000.0, completed=false), OrderResponse(orderTime=2023-10-26T15:45:46.709020, username=Fajar, productName=Mie Goreng, merchantName=Pizza Hut, destinationAddress=Bandung, quantity=5, price=5000.0, totalPrice=25000.0, completed=false), OrderResponse(orderTime=2023-10-26T15:45:48.382021, username=Fajar, productName=Mie Goreng, merchantName=Pizza Hut, destinationAddress=Bandung, quantity=5, price=5000.0, totalPrice=25000.0, completed=false), OrderResponse(orderTime=2023-10-26T15:45:49.540255, username=Fajar, productName=Mie Goreng, merchantName=Pizza Hut, destinationAddress=Bandung, quantity=5, price=5000.0, totalPrice=25000.0, completed=false)]
2023-10-27 11:30:04,074 INFO p.C.s.OrderServiceImpl [http-nio-8080-exec-9] Data response success [OrderResponse(orderTime=2023-10-27T11:26:55.705383, username=Abang, productName=Cacing Bakar, merchantName=Pizza Hut, destinationAddress=Mana aja asal sama kamu, quantity=10, price=5000.0, totalPrice=50000.0, completed=false), OrderResponse(orderTime=2023-10-26T15:43:46.897671, username=Fajar, productName=Mie Goreng, merchantName=Pizza Hut, destinationAddress=Bandung, quantity=5, price=5000.0, totalPrice=25000.0, completed=false), OrderResponse(orderTime=2023-10-26T15:45:46.709020, username=Fajar, productName=Mie Goreng, merchantName=Pizza Hut, destinationAddress=Bandung, quantity=5, price=5000.0, totalPrice=25000.0, completed=false), OrderResponse(orderTime=2023-10-26T15:45:48.382021, username=Fajar, productName=Mie Goreng, merchantName=Pizza Hut, destinationAddress=Bandung, quantity=5, price=5000.0, totalPrice=25000.0, completed=false), OrderResponse(orderTime=2023-10-26T15:43:45.705726, username=Fajar, productName=Mie Goreng, merchantName=Pizza Hut, destinationAddress=Bandung, quantity=5, price=5000.0, totalPrice=25000.0, completed=false)]
2023-10-27 11:31:01,266 WARN o.s.w.s.h.AbstractHandlerExceptionResolver [http-nio-8080-exec-10] Resolved [org.springframework.http.converter.HttpMessageNotReadableException: JSON parse error: Unexpected character ('}' (code 125)): expected a value]
2023-10-27 11:31:14,469 INFO p.C.s.ProductServiceImpl [http-nio-8080-exec-2] Success store data product
2023-10-27 11:32:06,758 INFO o.s.o.j.AbstractEntityManagerFactoryBean [SpringApplicationShutdownHook] Closing JPA EntityManagerFactory for persistence unit 'default'
2023-10-27 11:32:06,776 INFO c.z.h.HikariDataSource [SpringApplicationShutdownHook] HikariPool-1 - Shutdown initiated...
2023-10-27 11:32:06,795 INFO c.z.h.HikariDataSource [SpringApplicationShutdownHook] HikariPool-1 - Shutdown completed.
2023-10-27 11:32:16,926 INFO o.h.v.i.u.Version [background-preinit] HV000001: Hibernate Validator 8.0.1.Final
2023-10-27 11:32:16,983 INFO o.s.b.StartupInfoLogger [main] Starting Challenge4BinarFoodApplication using Java 21 with PID 16528 (B:\SYNRGY\Project_Challange_Binar\Challenge_4-BinarFood\target\classes started by AJAY in B:\SYNRGY\Project_Challange_Binar\Challenge_4-BinarFood)
2023-10-27 11:32:16,984 INFO o.s.b.SpringApplication [main] No active profile set, falling back to 1 default profile: "default"
2023-10-27 11:32:18,250 INFO o.s.d.r.c.RepositoryConfigurationDelegate [main] Bootstrapping Spring Data JPA repositories in DEFAULT mode.
2023-10-27 11:32:18,352 INFO o.s.d.r.c.RepositoryConfigurationDelegate [main] Finished Spring Data repository scanning in 90 ms. Found 5 JPA repository interfaces.
2023-10-27 11:32:19,196 INFO o.s.b.w.e.t.TomcatWebServer [main] Tomcat initialized with port(s): 8080 (http)
2023-10-27 11:32:19,205 INFO o.a.j.l.DirectJDKLog [main] Initializing ProtocolHandler ["http-nio-8080"]
2023-10-27 11:32:19,208 INFO o.a.j.l.DirectJDKLog [main] Starting service [Tomcat]
2023-10-27 11:32:19,208 INFO o.a.j.l.DirectJDKLog [main] Starting Servlet engine: [Apache Tomcat/10.1.15]
2023-10-27 11:32:19,327 INFO o.a.j.l.DirectJDKLog [main] Initializing Spring embedded WebApplicationContext
2023-10-27 11:32:19,327 INFO o.s.b.w.s.c.ServletWebServerApplicationContext [main] Root WebApplicationContext: initialization completed in 2196 ms
2023-10-27 11:32:19,555 INFO o.h.j.i.u.LogHelper [main] HHH000204: Processing PersistenceUnitInfo [name: default]
2023-10-27 11:32:19,643 INFO o.h.Version [main] HHH000412: Hibernate ORM core version 6.2.13.Final
2023-10-27 11:32:19,646 INFO o.h.c.Environment [main] HHH000406: Using bytecode reflection optimizer
2023-10-27 11:32:20,183 INFO o.s.o.j.p.SpringPersistenceUnitInfo [main] No LoadTimeWeaver setup: ignoring JPA class transformer
2023-10-27 11:32:20,225 INFO c.z.h.HikariDataSource [main] HikariPool-1 - Starting...
2023-10-27 11:32:20,679 INFO c.z.h.p.HikariPool [main] HikariPool-1 - Added connection org.postgresql.jdbc.PgConnection@1e477944
2023-10-27 11:32:20,686 INFO c.z.h.HikariDataSource [main] HikariPool-1 - Start completed.
2023-10-27 11:32:20,812 WARN o.h.e.j.d.i.DialectFactoryImpl [main] HHH90000025: PostgreSQLDialect does not need to be specified explicitly using 'hibernate.dialect' (remove the property setting and it will be selected by default)
2023-10-27 11:32:23,024 INFO o.h.e.t.j.p.i.JtaPlatformInitiator [main] HHH000489: No JTA platform available (set 'hibernate.transaction.jta.platform' to enable JTA platform integration)
2023-10-27 11:32:23,254 INFO o.s.o.j.AbstractEntityManagerFactoryBean [main] Initialized JPA EntityManagerFactory for persistence unit 'default'
2023-10-27 11:32:23,737 INFO o.s.d.j.r.q.QueryEnhancerFactory [main] Hibernate is in classpath; If applicable, HQL parser will be used.
2023-10-27 11:32:24,710 WARN o.s.b.a.o.j.JpaBaseConfiguration$JpaWebConfiguration [main] spring.jpa.open-in-view is enabled by default. Therefore, database queries may be performed during view rendering. Explicitly configure spring.jpa.open-in-view to disable this warning
2023-10-27 11:32:25,114 INFO o.a.j.l.DirectJDKLog [main] Starting ProtocolHandler ["http-nio-8080"]
2023-10-27 11:32:25,145 INFO o.s.b.w.e.t.TomcatWebServer [main] Tomcat started on port(s): 8080 (http) with context path ''
2023-10-27 11:32:25,152 INFO o.s.b.StartupInfoLogger [main] Started Challenge4BinarFoodApplication in 9.031 seconds (process running for 11.077)
2023-10-27 11:32:34,514 INFO o.a.j.l.DirectJDKLog [http-nio-8080-exec-2] Initializing Spring DispatcherServlet 'dispatcherServlet'
2023-10-27 11:32:34,514 INFO o.s.w.s.FrameworkServlet [http-nio-8080-exec-2] Initializing Servlet 'dispatcherServlet'
2023-10-27 11:32:34,515 INFO o.s.w.s.FrameworkServlet [http-nio-8080-exec-2] Completed initialization in 1 ms
2023-10-27 11:32:34,910 INFO p.C.s.ProductServiceImpl [http-nio-8080-exec-2] Success store data product
2023-10-27 11:33:19,842 INFO p.C.s.ProductServiceImpl [http-nio-8080-exec-3] Success store data product
2023-10-27 11:34:10,529 INFO p.C.s.ProductServiceImpl [http-nio-8080-exec-6] Data response success [ProductResponse(id=32cd02c8-38a0-4577-a477-bb3fd02bd902, merchantId=e30187a1-0aaf-4280-ac4b-31bd8f09cd87, productName=Mie Goreng, price=5000.0), ProductResponse(id=1113ea4e-3fa0-424d-89ee-7d89536e873b, merchantId=e30187a1-0aaf-4280-ac4b-31bd8f09cd87, productName=Mie Goreng Pedas, price=5000.0), ProductResponse(id=036c83f2-dab1-457f-bd0c-d74c04e51d32, merchantId=e30187a1-0aaf-4280-ac4b-31bd8f09cd87, productName=Mie Goreng Asam, price=5000.0), ProductResponse(id=9c8e2966-89b2-464a-84f0-94124ba57ffd, merchantId=e30187a1-0aaf-4280-ac4b-31bd8f09cd87, productName=Mie Goreng Manis, price=5000.0), ProductResponse(id=21080b09-206c-48b3-921d-e11593d3a9e6, merchantId=e30187a1-0aaf-4280-ac4b-31bd8f09cd87, productName=Mie Goreng Manis, price=5000.0), ProductResponse(id=206823e4-797d-46f5-8ecd-c0d80fd8b5b0, merchantId=e30187a1-0aaf-4280-ac4b-31bd8f09cd87, productName=Mie Goreng Manis, price=5000.0), ProductResponse(id=e4c94fd8-0acf-44f0-b851-a9068785b28c, merchantId=e30187a1-0aaf-4280-ac4b-31bd8f09cd87, productName=Mie Goreng Manis, price=5000.0), ProductResponse(id=cdec7834-1da2-4b3f-9567-4f27eba78001, merchantId=e30187a1-0aaf-4280-ac4b-31bd8f09cd87, productName=Mie Goreng Manis, price=5000.0), ProductResponse(id=5c98a428-4c4b-4602-8ad0-7c36b2b37560, merchantId=e30187a1-0aaf-4280-ac4b-31bd8f09cd87, productName=Mie Goreng Manis, price=5000.0), ProductResponse(id=8bd1d3f5-b1ac-4bbf-80ad-9aa068594b8e, merchantId=e30187a1-0aaf-4280-ac4b-31bd8f09cd87, productName=Mie Goreng Manis, price=5000.0), ProductResponse(id=e0a213ce-afd9-4319-b400-8f3640eb0f2a, merchantId=e30187a1-0aaf-4280-ac4b-31bd8f09cd87, productName=Mie Goreng Manis, price=5000.0), ProductResponse(id=3c678cd7-2116-4e42-9538-c66597e9e480, merchantId=e30187a1-0aaf-4280-ac4b-31bd8f09cd87, productName=Ayam Bakar, price=5000.0), ProductResponse(id=7b26fbab-2d03-4eb6-b356-eaa7f804d864, merchantId=e30187a1-0aaf-4280-ac4b-31bd8f09cd87, productName=Babi Bakar, price=5000.0), ProductResponse(id=d8728b15-98db-4f2c-bc53-cf96c0e9dc00, merchantId=e30187a1-0aaf-4280-ac4b-31bd8f09cd87, productName=Cacing Bakar, price=5000.0), ProductResponse(id=4d32fec5-4e39-42a2-adda-a8386422c3b8, merchantId=e30187a1-0aaf-4280-ac4b-31bd8f09cd87, productName=Dodol Bakar, price=5000.0), ProductResponse(id=ac706e5c-8212-4e21-83f7-d5627add8dbc, merchantId=e30187a1-0aaf-4280-ac4b-31bd8f09cd87, productName=Iga Bakar, price=5000.0), ProductResponse(id=8d36df37-b398-4351-a3fc-49de54a6b390, merchantId=e30187a1-0aaf-4280-ac4b-31bd8f09cd87, productName=Lele Bakar, price=1000.0), ProductResponse(id=1deb23ab-6300-4e15-baa0-0b166e57aa70, merchantId=e30187a1-0aaf-4280-ac4b-31bd8f09cd87, productName=Tempe, price=4000.0), ProductResponse(id=9ff48af4-a76e-4d3d-8fe3-e85d40222c0c, merchantId=c2a94581-9192-4690-9bfa-2a7ea9a5fbd4, productName=Burger Large, price=20000.0), ProductResponse(id=74b76db5-6489-4c36-b13a-78512c2425c3, merchantId=2255fec0-0270-43ff-a426-8692eac547ba, productName=Kecoa Goreng, price=3000.0), ProductResponse(id=6bd21dfb-ea8e-4ee6-a461-71e1edfdcebb, merchantId=2255fec0-0270-43ff-a426-8692eac547ba, productName=Burger Extrea Large, price=30000.0)]
2023-10-27 11:35:05,894 INFO p.C.s.ProductServiceImpl [http-nio-8080-exec-4] Delete product success
2023-10-27 11:35:39,946 INFO p.C.s.ProductServiceImpl [http-nio-8080-exec-7] Data response success [ProductResponse(id=3c678cd7-2116-4e42-9538-c66597e9e480, merchantId=e30187a1-0aaf-4280-ac4b-31bd8f09cd87, productName=Ayam Bakar, price=5000.0), ProductResponse(id=7b26fbab-2d03-4eb6-b356-eaa7f804d864, merchantId=e30187a1-0aaf-4280-ac4b-31bd8f09cd87, productName=Babi Bakar, price=5000.0), ProductResponse(id=9ff48af4-a76e-4d3d-8fe3-e85d40222c0c, merchantId=c2a94581-9192-4690-9bfa-2a7ea9a5fbd4, productName=Burger Large, price=20000.0), ProductResponse(id=d8728b15-98db-4f2c-bc53-cf96c0e9dc00, merchantId=e30187a1-0aaf-4280-ac4b-31bd8f09cd87, productName=Cacing Bakar, price=5000.0), ProductResponse(id=4d32fec5-4e39-42a2-adda-a8386422c3b8, merchantId=e30187a1-0aaf-4280-ac4b-31bd8f09cd87, productName=Dodol Bakar, price=5000.0)]
2023-10-27 11:36:00,911 INFO p.C.s.ProductServiceImpl [http-nio-8080-exec-8] Data response success [ProductResponse(id=ac706e5c-8212-4e21-83f7-d5627add8dbc, merchantId=e30187a1-0aaf-4280-ac4b-31bd8f09cd87, productName=Iga Bakar, price=5000.0), ProductResponse(id=74b76db5-6489-4c36-b13a-78512c2425c3, merchantId=2255fec0-0270-43ff-a426-8692eac547ba, productName=Kecoa Goreng, price=3000.0), ProductResponse(id=8d36df37-b398-4351-a3fc-49de54a6b390, merchantId=e30187a1-0aaf-4280-ac4b-31bd8f09cd87, productName=Lele Bakar, price=1000.0), ProductResponse(id=32cd02c8-38a0-4577-a477-bb3fd02bd902, merchantId=e30187a1-0aaf-4280-ac4b-31bd8f09cd87, productName=Mie Goreng, price=5000.0), ProductResponse(id=036c83f2-dab1-457f-bd0c-d74c04e51d32, merchantId=e30187a1-0aaf-4280-ac4b-31bd8f09cd87, productName=Mie Goreng Asam, price=5000.0)]
2023-10-27 11:36:23,055 INFO p.C.s.ProductServiceImpl [http-nio-8080-exec-9] Data response success [ProductResponse(id=32cd02c8-38a0-4577-a477-bb3fd02bd902, merchantId=e30187a1-0aaf-4280-ac4b-31bd8f09cd87, productName=Mie Goreng, price=5000.0), ProductResponse(id=1113ea4e-3fa0-424d-89ee-7d89536e873b, merchantId=e30187a1-0aaf-4280-ac4b-31bd8f09cd87, productName=Mie Goreng Pedas, price=5000.0), ProductResponse(id=036c83f2-dab1-457f-bd0c-d74c04e51d32, merchantId=e30187a1-0aaf-4280-ac4b-31bd8f09cd87, productName=Mie Goreng Asam, price=5000.0), ProductResponse(id=9c8e2966-89b2-464a-84f0-94124ba57ffd, merchantId=e30187a1-0aaf-4280-ac4b-31bd8f09cd87, productName=Mie Goreng Manis, price=5000.0), ProductResponse(id=21080b09-206c-48b3-921d-e11593d3a9e6, merchantId=e30187a1-0aaf-4280-ac4b-31bd8f09cd87, productName=Mie Goreng Manis, price=5000.0)]
2023-10-27 11:37:08,594 INFO o.s.o.j.AbstractEntityManagerFactoryBean [SpringApplicationShutdownHook] Closing JPA EntityManagerFactory for persistence unit 'default'
2023-10-27 11:37:08,598 INFO c.z.h.HikariDataSource [SpringApplicationShutdownHook] HikariPool-1 - Shutdown initiated...
2023-10-27 11:37:08,611 INFO c.z.h.HikariDataSource [SpringApplicationShutdownHook] HikariPool-1 - Shutdown completed.
2023-10-27 13:23:07,128 INFO o.h.v.i.u.Version [background-preinit] HV000001: Hibernate Validator 8.0.1.Final
2023-10-27 13:23:07,179 INFO o.s.b.StartupInfoLogger [main] Starting Challenge4BinarFoodApplication using Java 21 with PID 20612 (B:\SYNRGY\Project_Challange_Binar\Challenge_4-BinarFood\target\classes started by AJAY in B:\SYNRGY\Project_Challange_Binar\Challenge_4-BinarFood)
2023-10-27 13:23:07,180 INFO o.s.b.SpringApplication [main] No active profile set, falling back to 1 default profile: "default"
2023-10-27 13:23:08,585 INFO o.s.d.r.c.RepositoryConfigurationDelegate [main] Bootstrapping Spring Data JPA repositories in DEFAULT mode.
2023-10-27 13:23:08,704 INFO o.s.d.r.c.RepositoryConfigurationDelegate [main] Finished Spring Data repository scanning in 108 ms. Found 5 JPA repository interfaces.
2023-10-27 13:23:09,820 INFO o.s.b.w.e.t.TomcatWebServer [main] Tomcat initialized with port(s): 8080 (http)
2023-10-27 13:23:09,833 INFO o.a.j.l.DirectJDKLog [main] Initializing ProtocolHandler ["http-nio-8080"]
2023-10-27 13:23:09,836 INFO o.a.j.l.DirectJDKLog [main] Starting service [Tomcat]
2023-10-27 13:23:09,837 INFO o.a.j.l.DirectJDKLog [main] Starting Servlet engine: [Apache Tomcat/10.1.15]
2023-10-27 13:23:09,952 INFO o.a.j.l.DirectJDKLog [main] Initializing Spring embedded WebApplicationContext
2023-10-27 13:23:09,952 INFO o.s.b.w.s.c.ServletWebServerApplicationContext [main] Root WebApplicationContext: initialization completed in 2650 ms
2023-10-27 13:23:10,189 INFO o.h.j.i.u.LogHelper [main] HHH000204: Processing PersistenceUnitInfo [name: default]
2023-10-27 13:23:10,317 INFO o.h.Version [main] HHH000412: Hibernate ORM core version 6.2.13.Final
2023-10-27 13:23:10,322 INFO o.h.c.Environment [main] HHH000406: Using bytecode reflection optimizer
2023-10-27 13:23:10,798 INFO o.s.o.j.p.SpringPersistenceUnitInfo [main] No LoadTimeWeaver setup: ignoring JPA class transformer
2023-10-27 13:23:10,855 INFO c.z.h.HikariDataSource [main] HikariPool-1 - Starting...
2023-10-27 13:23:11,145 INFO c.z.h.p.HikariPool [main] HikariPool-1 - Added connection org.postgresql.jdbc.PgConnection@36238b12
2023-10-27 13:23:11,149 INFO c.z.h.HikariDataSource [main] HikariPool-1 - Start completed.
2023-10-27 13:23:11,196 WARN o.h.e.j.d.i.DialectFactoryImpl [main] HHH90000025: PostgreSQLDialect does not need to be specified explicitly using 'hibernate.dialect' (remove the property setting and it will be selected by default)
2023-10-27 13:23:13,172 INFO o.h.e.t.j.p.i.JtaPlatformInitiator [main] HHH000489: No JTA platform available (set 'hibernate.transaction.jta.platform' to enable JTA platform integration)
2023-10-27 13:23:13,390 INFO o.s.o.j.AbstractEntityManagerFactoryBean [main] Initialized JPA EntityManagerFactory for persistence unit 'default'
2023-10-27 13:23:13,874 INFO o.s.d.j.r.q.QueryEnhancerFactory [main] Hibernate is in classpath; If applicable, HQL parser will be used.
2023-10-27 13:23:15,067 WARN o.s.b.a.o.j.JpaBaseConfiguration$JpaWebConfiguration [main] spring.jpa.open-in-view is enabled by default. Therefore, database queries may be performed during view rendering. Explicitly configure spring.jpa.open-in-view to disable this warning
2023-10-27 13:23:15,600 INFO o.a.j.l.DirectJDKLog [main] Starting ProtocolHandler ["http-nio-8080"]
2023-10-27 13:23:15,635 INFO o.s.b.w.e.t.TomcatWebServer [main] Tomcat started on port(s): 8080 (http) with context path ''
2023-10-27 13:23:15,649 INFO o.s.b.StartupInfoLogger [main] Started Challenge4BinarFoodApplication in 9.505 seconds (process running for 11.688)
2023-10-27 13:23:51,842 INFO o.a.j.l.DirectJDKLog [http-nio-8080-exec-1] Initializing Spring DispatcherServlet 'dispatcherServlet'
2023-10-27 13:23:51,842 INFO o.s.w.s.FrameworkServlet [http-nio-8080-exec-1] Initializing Servlet 'dispatcherServlet'
2023-10-27 13:23:51,844 INFO o.s.w.s.FrameworkServlet [http-nio-8080-exec-1] Completed initialization in 1 ms
2023-10-27 13:23:52,303 INFO p.C.s.MerchantServiceImpl [http-nio-8080-exec-1] Data merchant has been created project.Challenge_4BinarFood.entity.Merchant@3aa2bf82
2023-10-27 13:25:03,962 INFO p.C.s.MerchantServiceImpl [http-nio-8080-exec-5] Success store to database project.Challenge_4BinarFood.entity.Merchant@d01265c
2023-10-27 13:25:14,029 INFO o.s.o.j.AbstractEntityManagerFactoryBean [SpringApplicationShutdownHook] Closing JPA EntityManagerFactory for persistence unit 'default'
2023-10-27 13:25:14,031 INFO c.z.h.HikariDataSource [SpringApplicationShutdownHook] HikariPool-1 - Shutdown initiated...
2023-10-27 13:25:14,038 INFO c.z.h.HikariDataSource [SpringApplicationShutdownHook] HikariPool-1 - Shutdown completed.
