2023-12-24 07:36:09,493 INFO o.h.v.i.u.Version [background-preinit] HV000001: Hibernate Validator 8.0.1.Final
2023-12-24 07:36:09,583 INFO o.s.b.StartupInfoLogger [restartedMain] Starting Challenge6BinarFoodApplication using Java 21 with PID 16004 (B:\SYNRGY\Project_Challange_Binar\Challenge_8-BinarFood\Challenge_6-BinarFood\target\classes started by AJAY in B:\SYNRGY\Project_Challange_Binar\Challenge_8-BinarFood\Challenge_6-BinarFood)
2023-12-24 07:36:09,586 INFO o.s.b.SpringApplication [restartedMain] No active profile set, falling back to 1 default profile: "default"
2023-12-24 07:36:09,770 INFO o.s.b.l.DeferredLog [restartedMain] Devtools property defaults active! Set 'spring.devtools.add-properties' to 'false' to disable
2023-12-24 07:36:09,772 INFO o.s.b.l.DeferredLog [restartedMain] For additional web related logging consider setting the 'logging.level.web' property to 'DEBUG'
2023-12-24 07:36:13,012 INFO o.s.d.r.c.RepositoryConfigurationDelegate [restartedMain] Bootstrapping Spring Data JPA repositories in DEFAULT mode.
2023-12-24 07:36:13,295 INFO o.s.d.r.c.RepositoryConfigurationDelegate [restartedMain] Finished Spring Data repository scanning in 260 ms. Found 6 JPA repository interfaces.
2023-12-24 07:36:15,754 INFO o.s.b.w.e.t.TomcatWebServer [restartedMain] Tomcat initialized with port(s): 8080 (http)
2023-12-24 07:36:15,777 INFO o.a.j.l.DirectJDKLog [restartedMain] Initializing ProtocolHandler ["http-nio-8080"]
2023-12-24 07:36:15,787 INFO o.a.j.l.DirectJDKLog [restartedMain] Starting service [Tomcat]
2023-12-24 07:36:15,790 INFO o.a.j.l.DirectJDKLog [restartedMain] Starting Servlet engine: [Apache Tomcat/10.1.15]
2023-12-24 07:36:16,035 INFO o.a.j.l.DirectJDKLog [restartedMain] Initializing Spring embedded WebApplicationContext
2023-12-24 07:36:16,036 INFO o.s.b.w.s.c.ServletWebServerApplicationContext [restartedMain] Root WebApplicationContext: initialization completed in 6262 ms
2023-12-24 07:36:16,481 INFO o.h.j.i.u.LogHelper [restartedMain] HHH000204: Processing PersistenceUnitInfo [name: default]
2023-12-24 07:36:16,677 INFO o.h.Version [restartedMain] HHH000412: Hibernate ORM core version 6.2.13.Final
2023-12-24 07:36:16,687 INFO o.h.c.Environment [restartedMain] HHH000406: Using bytecode reflection optimizer
2023-12-24 07:36:17,531 INFO o.s.o.j.p.SpringPersistenceUnitInfo [restartedMain] No LoadTimeWeaver setup: ignoring JPA class transformer
2023-12-24 07:36:17,612 INFO c.z.h.HikariDataSource [restartedMain] HikariPool-1 - Starting...
2023-12-24 07:36:18,069 INFO c.z.h.p.HikariPool [restartedMain] HikariPool-1 - Added connection org.postgresql.jdbc.PgConnection@6129cd69
2023-12-24 07:36:18,074 INFO c.z.h.HikariDataSource [restartedMain] HikariPool-1 - Start completed.
2023-12-24 07:36:18,187 WARN o.h.e.j.d.i.DialectFactoryImpl [restartedMain] HHH90000025: PostgreSQLDialect does not need to be specified explicitly using 'hibernate.dialect' (remove the property setting and it will be selected by default)
2023-12-24 07:36:21,318 INFO o.h.e.t.j.p.i.JtaPlatformInitiator [restartedMain] HHH000489: No JTA platform available (set 'hibernate.transaction.jta.platform' to enable JTA platform integration)
2023-12-24 07:36:21,735 INFO o.s.o.j.AbstractEntityManagerFactoryBean [restartedMain] Initialized JPA EntityManagerFactory for persistence unit 'default'
2023-12-24 07:36:23,539 INFO o.s.d.j.r.q.QueryEnhancerFactory [restartedMain] Hibernate is in classpath; If applicable, HQL parser will be used.
2023-12-24 07:36:25,288 WARN o.s.b.a.t.ThymeleafAutoConfiguration$DefaultTemplateResolverConfiguration [restartedMain] Cannot find template location: classpath:/templates/ (please add some templates, check your Thymeleaf configuration, or set spring.thymeleaf.check-template-location=false)
2023-12-24 07:36:25,658 INFO p.C.s.f.FCMInitializer [restartedMain] Firebase application has been initialized
2023-12-24 07:36:26,048 WARN o.s.b.a.o.j.JpaBaseConfiguration$JpaWebConfiguration [restartedMain] spring.jpa.open-in-view is enabled by default. Therefore, database queries may be performed during view rendering. Explicitly configure spring.jpa.open-in-view to disable this warning
2023-12-24 07:36:29,144 INFO o.s.s.w.DefaultSecurityFilterChain [restartedMain] Will secure any request with [org.springframework.security.web.session.DisableEncodeUrlFilter@1fbac81c, org.springframework.security.web.context.request.async.WebAsyncManagerIntegrationFilter@60f8d429, org.springframework.security.web.context.SecurityContextHolderFilter@c41a50a, org.springframework.security.web.header.HeaderWriterFilter@5e468467, org.springframework.security.web.authentication.logout.LogoutFilter@1e5a14c9, project.Challenge_6BinarFood.security.jwt.JWTAuthenticationFilter@622da068, org.springframework.security.web.savedrequest.RequestCacheAwareFilter@7a2dfd68, org.springframework.security.web.servletapi.SecurityContextHolderAwareRequestFilter@68c3c482, org.springframework.security.web.authentication.AnonymousAuthenticationFilter@3d60da8e, org.springframework.security.web.session.SessionManagementFilter@4ffefbcf, org.springframework.security.web.access.ExceptionTranslationFilter@149d0428, org.springframework.security.web.access.intercept.AuthorizationFilter@2e2a22e0]
2023-12-24 07:36:30,123 WARN o.s.b.d.a.OptionalLiveReloadServer [restartedMain] Unable to start LiveReload server
2023-12-24 07:36:30,170 INFO o.a.j.l.DirectJDKLog [restartedMain] Starting ProtocolHandler ["http-nio-8080"]
2023-12-24 07:36:30,178 WARN o.s.c.s.AbstractApplicationContext [restartedMain] Exception encountered during context initialization - cancelling refresh attempt: org.springframework.context.ApplicationContextException: Failed to start bean 'webServerStartStop'
2023-12-24 07:36:30,183 INFO o.s.o.j.AbstractEntityManagerFactoryBean [restartedMain] Closing JPA EntityManagerFactory for persistence unit 'default'
2023-12-24 07:36:30,187 INFO c.z.h.HikariDataSource [restartedMain] HikariPool-1 - Shutdown initiated...
2023-12-24 07:36:30,191 INFO c.z.h.HikariDataSource [restartedMain] HikariPool-1 - Shutdown completed.
2023-12-24 07:36:30,198 INFO o.a.j.l.DirectJDKLog [restartedMain] Pausing ProtocolHandler ["http-nio-8080"]
2023-12-24 07:36:30,198 INFO o.a.j.l.DirectJDKLog [restartedMain] Stopping service [Tomcat]
2023-12-24 07:36:30,214 INFO o.a.j.l.DirectJDKLog [restartedMain] Stopping ProtocolHandler ["http-nio-8080"]
2023-12-24 07:36:30,215 INFO o.a.j.l.DirectJDKLog [restartedMain] Destroying ProtocolHandler ["http-nio-8080"]
2023-12-24 07:36:30,226 INFO o.s.b.a.l.ConditionEvaluationReportLogger [restartedMain] 

Error starting ApplicationContext. To display the condition evaluation report re-run your application with 'debug' enabled.
2023-12-24 07:36:30,280 ERROR o.s.b.d.LoggingFailureAnalysisReporter [restartedMain] 

***************************
APPLICATION FAILED TO START
***************************

Description:

Web server failed to start. Port 8080 was already in use.

Action:

Identify and stop the process that's listening on port 8080 or configure this application to listen on another port.

2023-12-24 07:54:19,129 INFO o.h.v.i.u.Version [background-preinit] HV000001: Hibernate Validator 8.0.1.Final
2023-12-24 07:54:19,194 INFO o.s.b.StartupInfoLogger [restartedMain] Starting Challenge6BinarFoodApplication using Java 21 with PID 6104 (B:\SYNRGY\Project_Challange_Binar\Challenge_8-BinarFood\Challenge_6-BinarFood\target\classes started by AJAY in B:\SYNRGY\Project_Challange_Binar\Challenge_8-BinarFood\Challenge_6-BinarFood)
2023-12-24 07:54:19,196 INFO o.s.b.SpringApplication [restartedMain] No active profile set, falling back to 1 default profile: "default"
2023-12-24 07:54:19,294 INFO o.s.b.l.DeferredLog [restartedMain] Devtools property defaults active! Set 'spring.devtools.add-properties' to 'false' to disable
2023-12-24 07:54:19,294 INFO o.s.b.l.DeferredLog [restartedMain] For additional web related logging consider setting the 'logging.level.web' property to 'DEBUG'
2023-12-24 07:54:23,337 INFO o.s.d.r.c.RepositoryConfigurationDelegate [restartedMain] Bootstrapping Spring Data JPA repositories in DEFAULT mode.
2023-12-24 07:54:23,850 INFO o.s.d.r.c.RepositoryConfigurationDelegate [restartedMain] Finished Spring Data repository scanning in 478 ms. Found 6 JPA repository interfaces.
2023-12-24 07:54:29,261 INFO o.s.b.w.e.t.TomcatWebServer [restartedMain] Tomcat initialized with port(s): 8080 (http)
2023-12-24 07:54:29,277 INFO o.a.j.l.DirectJDKLog [restartedMain] Initializing ProtocolHandler ["http-nio-8080"]
2023-12-24 07:54:29,280 INFO o.a.j.l.DirectJDKLog [restartedMain] Starting service [Tomcat]
2023-12-24 07:54:29,281 INFO o.a.j.l.DirectJDKLog [restartedMain] Starting Servlet engine: [Apache Tomcat/10.1.15]
2023-12-24 07:54:29,440 INFO o.a.j.l.DirectJDKLog [restartedMain] Initializing Spring embedded WebApplicationContext
2023-12-24 07:54:29,442 INFO o.s.b.w.s.c.ServletWebServerApplicationContext [restartedMain] Root WebApplicationContext: initialization completed in 10145 ms
2023-12-24 07:54:30,476 INFO o.h.j.i.u.LogHelper [restartedMain] HHH000204: Processing PersistenceUnitInfo [name: default]
2023-12-24 07:54:30,754 INFO o.h.Version [restartedMain] HHH000412: Hibernate ORM core version 6.2.13.Final
2023-12-24 07:54:30,766 INFO o.h.c.Environment [restartedMain] HHH000406: Using bytecode reflection optimizer
2023-12-24 07:54:31,690 INFO o.s.o.j.p.SpringPersistenceUnitInfo [restartedMain] No LoadTimeWeaver setup: ignoring JPA class transformer
2023-12-24 07:54:31,791 INFO c.z.h.HikariDataSource [restartedMain] HikariPool-1 - Starting...
2023-12-24 07:54:32,258 INFO c.z.h.p.HikariPool [restartedMain] HikariPool-1 - Added connection org.postgresql.jdbc.PgConnection@1ad62dec
2023-12-24 07:54:32,263 INFO c.z.h.HikariDataSource [restartedMain] HikariPool-1 - Start completed.
2023-12-24 07:54:32,395 WARN o.h.e.j.d.i.DialectFactoryImpl [restartedMain] HHH90000025: PostgreSQLDialect does not need to be specified explicitly using 'hibernate.dialect' (remove the property setting and it will be selected by default)
2023-12-24 07:54:37,162 INFO o.h.e.t.j.p.i.JtaPlatformInitiator [restartedMain] HHH000489: No JTA platform available (set 'hibernate.transaction.jta.platform' to enable JTA platform integration)
2023-12-24 07:54:37,719 INFO o.s.o.j.AbstractEntityManagerFactoryBean [restartedMain] Initialized JPA EntityManagerFactory for persistence unit 'default'
2023-12-24 07:54:39,604 INFO o.s.d.j.r.q.QueryEnhancerFactory [restartedMain] Hibernate is in classpath; If applicable, HQL parser will be used.
2023-12-24 07:54:41,749 WARN o.s.b.a.t.ThymeleafAutoConfiguration$DefaultTemplateResolverConfiguration [restartedMain] Cannot find template location: classpath:/templates/ (please add some templates, check your Thymeleaf configuration, or set spring.thymeleaf.check-template-location=false)
2023-12-24 07:54:42,402 INFO p.C.s.f.FCMInitializer [restartedMain] Firebase application has been initialized
2023-12-24 07:54:42,974 WARN o.s.b.a.o.j.JpaBaseConfiguration$JpaWebConfiguration [restartedMain] spring.jpa.open-in-view is enabled by default. Therefore, database queries may be performed during view rendering. Explicitly configure spring.jpa.open-in-view to disable this warning
2023-12-24 07:54:47,554 INFO o.s.s.w.DefaultSecurityFilterChain [restartedMain] Will secure any request with [org.springframework.security.web.session.DisableEncodeUrlFilter@7750de57, org.springframework.security.web.context.request.async.WebAsyncManagerIntegrationFilter@9409d66, org.springframework.security.web.context.SecurityContextHolderFilter@73fdf386, org.springframework.security.web.header.HeaderWriterFilter@149ebffe, org.springframework.security.web.authentication.logout.LogoutFilter@5a4cc430, project.Challenge_6BinarFood.security.jwt.JWTAuthenticationFilter@36ab8b1b, org.springframework.security.web.savedrequest.RequestCacheAwareFilter@76c65d5, org.springframework.security.web.servletapi.SecurityContextHolderAwareRequestFilter@4046b97f, org.springframework.security.web.authentication.AnonymousAuthenticationFilter@3179c13a, org.springframework.security.web.session.SessionManagementFilter@d153851, org.springframework.security.web.access.ExceptionTranslationFilter@49bcf1cc, org.springframework.security.web.access.intercept.AuthorizationFilter@7171e3f8]
2023-12-24 07:54:48,712 INFO o.s.b.d.a.OptionalLiveReloadServer [restartedMain] LiveReload server is running on port 35729
2023-12-24 07:54:48,751 INFO o.a.j.l.DirectJDKLog [restartedMain] Starting ProtocolHandler ["http-nio-8080"]
2023-12-24 07:54:48,787 INFO o.s.b.w.e.t.TomcatWebServer [restartedMain] Tomcat started on port(s): 8080 (http) with context path ''
2023-12-24 07:54:48,811 INFO o.s.b.StartupInfoLogger [restartedMain] Started Challenge6BinarFoodApplication in 30.595 seconds (process running for 32.899)
2023-12-24 08:01:32,915 INFO o.a.j.l.DirectJDKLog [http-nio-8080-exec-1] Initializing Spring DispatcherServlet 'dispatcherServlet'
2023-12-24 08:01:32,972 INFO o.s.w.s.FrameworkServlet [http-nio-8080-exec-1] Initializing Servlet 'dispatcherServlet'
2023-12-24 08:01:32,982 INFO o.s.w.s.FrameworkServlet [http-nio-8080-exec-1] Completed initialization in 8 ms
